1
Y22D143 15:58
You have completed prospecting within the Asteroid Field foo bar (-1, -2) at (6, 3). No traces were found.

2
Y22D143 12:38
You have completed prospecting within the Asteroid Field foo bar (-1, -2) at (2, 2). No traces were found.

3
Y22D143 9:35
You have completed prospecting within the Asteroid Field foo bar (-1, -2) at (0, 5). No traces were found.

4
Y22D143 6:32
You have completed prospecting within the Asteroid Field foo bar (-1, -2) at (3, 6). You found 94,776 units of Durelium.

5
Y22D143 4:04
You have completed prospecting within the Asteroid Field foo bar (-1, -2) at (4, 7). You found 196,900 units of Meleenium. Sensors have picked up a strong trace for an unknown deposit 1 square away.

6
Y22D142 17:53
You have completed prospecting within the Asteroid Field foo bar (-1, -2) at (2, 8). No deposit was found. Sensors have picked up a faint trace for an unknown deposit 2 squares away.

7
Y22D142 15:23
You have completed prospecting within the Asteroid Field foo bar (-1, -2) at (2, 7). No deposit was found. Sensors have picked up a strong trace for an unknown deposit 1 square away.

8
Y22D142 11:28
You have completed prospecting within the Asteroid Field foo bar (-1, -2) at (3, 12). You found 21,010 units of Lommite.

9
Y22D142 8:51
You have completed prospecting within the Asteroid Field foo bar (-1, -2) at (3, 13). No deposit was found. Sensors have picked up a strong trace for an unknown deposit 1 square away.

10
Y22D142 6:17
You have completed prospecting within the Asteroid Field foo bar (-1, -2) at (4, 13). No deposit was found. Sensors have picked up a strong trace for an unknown deposit 1 square away.

11
Y22D142 3:33
You have completed prospecting within the Asteroid Field foo bar (-1, -2) at (4, 11). No deposit was found. Sensors have picked up a strong trace for an unknown deposit 1 square away.

12
Y22D141 18:33
You have completed prospecting within the Asteroid Field foo bar (-1, -2) at (4, 12). No deposit was found. Sensors have picked up a strong trace for an unknown deposit 1 square away.

13
Y22D141 15:34
You have completed prospecting within the Asteroid Field foo bar (-1, -2) at (1, 12). No deposit was found. Sensors have picked up a faint trace for an unknown deposit 2 squares away.

14
Y22D141 12:57
You have completed prospecting within the Asteroid Field foo bar (-1, -2) at (2, 11). No deposit was found. Sensors have picked up a strong trace for an unknown deposit 1 square away.

15
Y22D141 9:29
You have completed prospecting within the Asteroid Field foo bar (-1, -2) at (0, 15). You found 74,497 units of Ardanium.

16
Y22D141 7:02
You have completed prospecting within the Asteroid Field foo bar (-1, -2) at (0, 16). You found 44,137 units of Duracrete. Sensors have picked up a strong trace for an unknown deposit 1 square away.

17
Y22D141 3:46
You have completed prospecting within the Asteroid Field foo bar (-1, -2) at (0, 19). No traces were found.

18
Y22D140 18:00
You have completed prospecting within the Asteroid Field foo bar (-1, -2) at (1, 16). No deposit was found. Sensors have picked up a strong trace for an unknown deposit 1 square away.

19
Y22D140 14:56
You have completed prospecting within the Asteroid Field foo bar (-1, -2) at (4, 19). No traces were found.

20
Y22D140 11:39
You have completed prospecting within the Asteroid Field foo bar (-1, -2) at (7, 16). You found 108,108 units of Varmigio.

21
Y22D140 9:07
You have completed prospecting within the Asteroid Field foo bar (-1, -2) at (6, 15). No deposit was found. Sensors have picked up a strong trace for an unknown deposit 1 square away.

22
Y22D140 6:24
You have completed prospecting within the Asteroid Field foo bar (-1, -2) at (5, 17). No deposit was found. Sensors have picked up a faint trace for an unknown deposit 2 squares away.

23
Y22D140 2:41
You have completed prospecting within the Asteroid Field foo bar (-1, -2) at (7, 12). No traces were found.

24
Y22D139 16:03
You have completed prospecting within the Asteroid Field foo bar (-1, -2) at (5, 13). No deposit was found. Sensors have picked up a faint trace for an unknown deposit 2 squares away.

25
Y22D139 12:21
You have completed prospecting within the Asteroid Field foo bar (-1, -2) at (7, 8). You found 29,810 units of Lommite.

26
Y22D139 8:30
You have completed prospecting within the Asteroid Field foo bar (-1, -2) at (8, 6). No deposit was found. Sensors have picked up a faint trace for an unknown deposit 2 squares away.

27
Y22D139 5:41
You have completed prospecting within the Asteroid Field foo bar (-1, -2) at (6, 6). No deposit was found. Sensors have picked up a faint trace for an unknown deposit 2 squares away.

28
Y22D139 1:56
You have completed prospecting within the Asteroid Field foo bar (-1, -2) at (11, 8). You found 59,416 units of Quantum.

29
Y22D138 15:56
You have completed prospecting within the Asteroid Field foo bar (-1, -2) at (9, 8). You found 17,292 units of Rudic. Sensors have picked up a faint trace for an unknown deposit 2 squares away.

30
Y22D138 12:34
You have completed prospecting within the Asteroid Field foo bar (-1, -2) at (10, 12). You found 74,745 units of Ardanium.

31
Y22D138 9:33
You have completed prospecting within the Asteroid Field foo bar (-1, -2) at (9, 11). You found 71,544 units of Varmigio. Sensors have picked up a strong trace for an unknown deposit 1 square away.

32
Y22D138 6:58
You have completed prospecting within the Asteroid Field foo bar (-1, -2) at (10, 10). No deposit was found. Sensors have picked up a strong trace for an unknown deposit 1 square away.

33
Y22D138 4:27
You have completed prospecting within the Asteroid Field foo bar (-1, -2) at (10, 11). No deposit was found. Sensors have picked up a strong trace for an unknown deposit 1 square away.

34
Y22D138 1:26
You have completed prospecting within the Asteroid Field foo bar (-1, -2) at (9, 10). No deposit was found. Sensors have picked up a strong trace for an unknown deposit 1 square away.

35
Y22D137 18:07
You have completed prospecting within the Asteroid Field foo bar (-1, -2) at (11, 5). No traces were found.

36
Y22D137 15:07
You have completed prospecting within the Asteroid Field foo bar (-1, -2) at (14, 8). You found 106,425 units of Duracrete.

37
Y22D137 12:39
You have completed prospecting within the Asteroid Field foo bar (-1, -2) at (13, 8). No deposit was found. Sensors have picked up a strong trace for an unknown deposit 1 square away.

38
Y22D137 9:19
You have completed prospecting within the Asteroid Field foo bar (-1, -2) at (14, 12). You found 80,189 units of Ardanium.

39
Y22D137 8:42
You have completed prospecting within the Asteroid Field foo bar (-1, -2) at (14, 12). A very strong reading at this location was recorded but a deposit has not yet been located.

40
Y22D137 5:30
You have completed prospecting within the Asteroid Field foo bar (-1, -2) at (13, 14). You found 44,055 units of Ardanium. Sensors have picked up a faint trace for an unknown deposit 2 squares away.

41
Y22D137 2:57
You have completed prospecting within the Asteroid Field foo bar (-1, -2) at (13, 13). No deposit was found. Sensors have picked up a strong trace for an unknown deposit 1 square away.

42
Y22D136 16:50
You have completed prospecting within the Asteroid Field foo bar (-1, -2) at (14, 13). You found 151,140 units of Lommite. Sensors have picked up a strong trace for an unknown deposit 1 square away.

43
Y22D136 14:23
You have completed prospecting within the Asteroid Field foo bar (-1, -2) at (13, 12). No deposit was found. Sensors have picked up a strong trace for an unknown deposit 1 square away.

44
Y22D136 10:51
You have completed prospecting within the Asteroid Field foo bar (-1, -2) at (10, 15). You found 51,645 units of Ardanium.

45
Y22D136 8:18
You have completed prospecting within the Asteroid Field foo bar (-1, -2) at (9, 16). No deposit was found. Sensors have picked up a strong trace for an unknown deposit 1 square away.

46
Y22D136 5:33
You have completed prospecting within the Asteroid Field foo bar (-1, -2) at (8, 14). No deposit was found. Sensors have picked up a faint trace for an unknown deposit 2 squares away.

47
Y22D136 1:56
You have completed prospecting within the Asteroid Field foo bar (-1, -2) at (8, 19). You found 194,700 units of Duracrete.

48
Y22D135 18:08
You have completed prospecting within the Asteroid Field foo bar (-1, -2) at (8, 18). No deposit was found. Sensors have picked up a strong trace for an unknown deposit 1 square away.

49
Y22D135 15:25
You have completed prospecting within the Asteroid Field foo bar (-1, -2) at (10, 19). No deposit was found. Sensors have picked up a faint trace for an unknown deposit 2 squares away.

50
Y22D135 12:54
You have completed prospecting within the Asteroid Field foo bar (-1, -2) at (9, 19). No deposit was found. Sensors have picked up a strong trace for an unknown deposit 1 square away.


51
Y22D135 9:30
You have completed prospecting within the Asteroid Field foo bar (-1, -2) at (13, 17). No traces were found.

52
Y22D135 6:43
You have completed prospecting within the Asteroid Field foo bar (-1, -2) at (11, 17). No deposit was found. Sensors have picked up a faint trace for an unknown deposit 2 squares away.

53
Y22D135 2:53
You have completed prospecting within the Asteroid Field foo bar (-1, -2) at (17, 19). No traces were found.

54
Y22D134 17:04
You have completed prospecting within the Asteroid Field foo bar (-1, -2) at (17, 16). No traces were found.

55
Y22D134 13:32
You have completed prospecting within the Asteroid Field foo bar (-1, -2) at (18, 11). No traces were found.

56
Y22D134 9:43
You have completed prospecting within the Asteroid Field foo bar (-1, -2) at (19, 7). You found 120,450 units of Ardanium.

57
Y22D134 6:49
You have completed prospecting within the Asteroid Field foo bar (-1, -2) at (17, 9). No deposit was found. Sensors have picked up a faint trace for an unknown deposit 2 squares away.

58
Y22D134 2:59
You have completed prospecting within the Asteroid Field foo bar (-1, -2) at (17, 4). No traces were found.

59
Y22D133 15:41
You have completed prospecting within the Asteroid Field foo bar (-1, -2) at (15, 1). You found 147,180 units of Varmigio.

60
Y22D133 13:03
You have completed prospecting within the Asteroid Field foo bar (-1, -2) at (15, 2). No deposit was found. Sensors have picked up a strong trace for an unknown deposit 1 square away.

61
Y22D133 10:19
You have completed prospecting within the Asteroid Field foo bar (-1, -2) at (13, 1). No deposit was found. Sensors have picked up a faint trace for an unknown deposit 2 squares away.

62
Y22D133 7:52
You have completed prospecting within the Asteroid Field foo bar (-1, -2) at (14, 2). You found 151,387 units of Duracrete. Sensors have picked up a strong trace for an unknown deposit 1 square away.

63
Y22D133 4:06
You have completed prospecting within the Asteroid Field foo bar (-1, -2) at (9, 1). No traces were found.
